2026-02-17 19:04:15,861 | INFO | ===== System Information =====
2026-02-17 19:04:15,897 | INFO | Platform: Windows-11-10.0.26200-SP0
2026-02-17 19:04:15,897 | INFO | Python Version: 3.13.1
2026-02-17 19:04:15,898 | INFO | CUDA Available: False
2026-02-17 19:04:15,898 | INFO | ================================
2026-02-17 19:04:15,899 | INFO | Using device: cpu
2026-02-17 19:04:15,899 | INFO | FP16 enabled: False
2026-02-17 19:04:19,048 | INFO | Inference completed | Nodes=200 | Time=58.15 ms
2026-02-17 19:04:20,909 | INFO | Inference completed | Nodes=200 | Time=6.83 ms
2026-02-17 19:04:22,936 | INFO | Inference completed | Nodes=200 | Time=15.38 ms
2026-02-17 19:04:24,943 | INFO | Inference completed | Nodes=200 | Time=8.33 ms
2026-02-17 19:04:26,958 | INFO | Inference completed | Nodes=200 | Time=7.27 ms
2026-02-17 19:04:28,982 | INFO | Inference completed | Nodes=200 | Time=11.66 ms
2026-02-17 19:04:30,995 | INFO | Inference completed | Nodes=200 | Time=9.96 ms
2026-02-17 19:04:33,015 | INFO | Inference completed | Nodes=200 | Time=12.12 ms
2026-02-17 19:04:35,014 | INFO | Inference completed | Nodes=200 | Time=6.16 ms
2026-02-17 19:04:37,006 | INFO | Inference completed | Nodes=200 | Time=5.84 ms
2026-02-17 19:04:39,016 | INFO | Inference completed | Nodes=200 | Time=11.03 ms
2026-02-17 19:04:41,023 | INFO | Inference completed | Nodes=200 | Time=8.88 ms
2026-02-17 19:04:43,022 | INFO | Inference completed | Nodes=200 | Time=7.31 ms
2026-02-17 19:04:45,023 | INFO | Inference completed | Nodes=200 | Time=7.27 ms
2026-02-17 19:04:47,026 | INFO | Inference completed | Nodes=200 | Time=10.83 ms
2026-02-17 19:07:36,245 | INFO | ===== System Information =====
2026-02-17 19:07:36,279 | INFO | Platform: Windows-11-10.0.26200-SP0
2026-02-17 19:07:36,280 | INFO | Python Version: 3.13.1
2026-02-17 19:07:36,280 | INFO | CUDA Available: False
2026-02-17 19:07:36,281 | INFO | ================================
2026-02-17 19:07:36,282 | INFO | Using device: cpu
2026-02-17 19:07:36,282 | INFO | FP16 enabled: False
2026-02-17 19:07:55,800 | INFO | ===== System Information =====
2026-02-17 19:07:55,834 | INFO | Platform: Windows-11-10.0.26200-SP0
2026-02-17 19:07:55,835 | INFO | Python Version: 3.13.1
2026-02-17 19:07:55,835 | INFO | CUDA Available: False
2026-02-17 19:07:55,835 | INFO | ================================
2026-02-17 19:07:55,836 | INFO | Using device: cpu
2026-02-17 19:07:55,836 | INFO | FP16 enabled: False
2026-02-17 19:08:13,509 | INFO | ===== System Information =====
2026-02-17 19:08:13,541 | INFO | Platform: Windows-11-10.0.26200-SP0
2026-02-17 19:08:13,542 | INFO | Python Version: 3.13.1
2026-02-17 19:08:13,542 | INFO | CUDA Available: False
2026-02-17 19:08:13,543 | INFO | ================================
2026-02-17 19:08:13,544 | INFO | Using device: cpu
2026-02-17 19:08:13,544 | INFO | FP16 enabled: False
2026-02-17 19:08:16,095 | INFO | Inference completed | Nodes=200 | Time=6.50 ms
2026-02-17 19:08:18,098 | INFO | Inference completed | Nodes=200 | Time=8.76 ms
2026-02-17 19:08:20,097 | INFO | Inference completed | Nodes=200 | Time=8.31 ms
2026-02-17 19:08:22,095 | INFO | Inference completed | Nodes=200 | Time=8.25 ms
2026-02-17 19:20:30,332 | INFO | ===== System Information =====
2026-02-17 19:20:30,366 | INFO | Platform: Windows-11-10.0.26200-SP0
2026-02-17 19:20:30,366 | INFO | Python Version: 3.13.1
2026-02-17 19:20:30,366 | INFO | CUDA Available: False
2026-02-17 19:20:30,366 | INFO | ================================
2026-02-17 19:20:30,368 | INFO | Using device: cpu
2026-02-17 19:20:30,368 | INFO | FP16 enabled: False
2026-02-17 19:20:32,753 | INFO | Inference completed | Nodes=200 | Time=8.69 ms
2026-02-17 19:20:34,750 | INFO | Inference completed | Nodes=200 | Time=7.69 ms
2026-02-17 19:20:36,749 | INFO | Inference completed | Nodes=200 | Time=8.66 ms
2026-02-17 19:20:38,751 | INFO | Inference completed | Nodes=200 | Time=7.63 ms
2026-02-17 19:20:40,747 | INFO | Inference completed | Nodes=200 | Time=6.92 ms
2026-02-17 19:20:42,758 | INFO | Inference completed | Nodes=200 | Time=15.75 ms
2026-02-17 19:20:44,746 | INFO | Inference completed | Nodes=200 | Time=6.30 ms
2026-02-17 19:20:46,748 | INFO | Inference completed | Nodes=200 | Time=8.18 ms
2026-02-17 19:20:48,751 | INFO | Inference completed | Nodes=200 | Time=10.40 ms
2026-02-17 19:20:50,747 | INFO | Inference completed | Nodes=200 | Time=8.06 ms
2026-02-17 19:20:52,806 | INFO | Inference completed | Nodes=200 | Time=7.38 ms
2026-02-17 19:20:54,767 | INFO | Inference completed | Nodes=200 | Time=7.43 ms
2026-02-17 19:20:56,764 | INFO | Inference completed | Nodes=200 | Time=9.24 ms
2026-02-17 19:20:58,760 | INFO | Inference completed | Nodes=200 | Time=6.32 ms
2026-02-17 19:21:00,761 | INFO | Inference completed | Nodes=200 | Time=7.74 ms
2026-02-17 19:21:02,768 | INFO | Inference completed | Nodes=200 | Time=10.18 ms
2026-02-17 19:21:04,757 | INFO | Inference completed | Nodes=200 | Time=6.47 ms
2026-02-17 19:24:07,701 | INFO | ===== System Information =====
2026-02-17 19:24:07,734 | INFO | Platform: Windows-11-10.0.26200-SP0
2026-02-17 19:24:07,734 | INFO | Python Version: 3.13.1
2026-02-17 19:24:07,734 | INFO | CUDA Available: False
2026-02-17 19:24:07,734 | INFO | ================================
2026-02-17 19:24:07,735 | INFO | Using device: cpu
2026-02-17 19:24:07,736 | INFO | FP16 enabled: False
2026-02-17 19:24:10,039 | INFO | Inference completed | Nodes=200 | Time=7.57 ms
2026-02-17 19:24:12,052 | INFO | Inference completed | Nodes=200 | Time=8.28 ms
2026-02-17 19:24:14,067 | INFO | Inference completed | Nodes=200 | Time=6.64 ms
2026-02-17 19:24:16,068 | INFO | Inference completed | Nodes=200 | Time=9.05 ms
2026-02-17 19:24:18,067 | INFO | Inference completed | Nodes=200 | Time=7.12 ms
2026-02-17 19:24:20,081 | INFO | Inference completed | Nodes=200 | Time=16.62 ms
2026-02-17 19:24:22,087 | INFO | Inference completed | Nodes=200 | Time=7.96 ms
2026-02-17 19:24:24,103 | INFO | Inference completed | Nodes=200 | Time=9.92 ms
2026-02-17 19:24:26,127 | INFO | Inference completed | Nodes=200 | Time=15.68 ms
2026-02-17 19:24:28,117 | INFO | Inference completed | Nodes=200 | Time=7.52 ms
2026-02-17 19:24:30,127 | INFO | Inference completed | Nodes=200 | Time=14.99 ms
2026-02-17 19:24:32,132 | INFO | Inference completed | Nodes=200 | Time=7.31 ms
2026-02-17 19:24:34,136 | INFO | Inference completed | Nodes=200 | Time=8.81 ms
2026-02-17 19:24:36,143 | INFO | Inference completed | Nodes=200 | Time=16.35 ms
2026-02-17 19:24:38,129 | INFO | Inference completed | Nodes=200 | Time=5.92 ms
2026-02-17 19:24:40,133 | INFO | Inference completed | Nodes=200 | Time=6.82 ms
2026-02-17 19:24:42,230 | INFO | Inference completed | Nodes=200 | Time=15.98 ms
2026-02-17 19:24:44,129 | INFO | Inference completed | Nodes=200 | Time=8.23 ms
2026-02-17 19:24:46,150 | INFO | Inference completed | Nodes=200 | Time=7.80 ms
2026-02-17 19:24:48,144 | INFO | Inference completed | Nodes=200 | Time=6.85 ms
2026-02-17 19:24:50,173 | INFO | Inference completed | Nodes=200 | Time=16.37 ms
2026-02-17 19:24:52,164 | INFO | Inference completed | Nodes=200 | Time=7.86 ms
2026-02-17 19:24:54,174 | INFO | Inference completed | Nodes=200 | Time=17.05 ms
2026-02-17 19:24:56,163 | INFO | Inference completed | Nodes=200 | Time=6.14 ms
2026-02-17 19:24:58,163 | INFO | Inference completed | Nodes=200 | Time=6.96 ms
2026-02-17 19:25:00,180 | INFO | Inference completed | Nodes=200 | Time=8.03 ms
2026-02-17 19:25:02,180 | INFO | Inference completed | Nodes=200 | Time=7.58 ms
2026-02-17 19:25:04,194 | INFO | Inference completed | Nodes=200 | Time=6.33 ms
2026-02-17 19:25:06,210 | INFO | Inference completed | Nodes=200 | Time=7.67 ms
2026-02-17 19:25:08,210 | INFO | Inference completed | Nodes=200 | Time=7.78 ms
2026-02-17 19:25:10,231 | INFO | Inference completed | Nodes=200 | Time=8.46 ms
2026-02-17 19:25:12,246 | INFO | Inference completed | Nodes=200 | Time=7.78 ms
2026-02-17 19:25:14,247 | INFO | Inference completed | Nodes=200 | Time=8.41 ms
2026-02-17 19:25:16,260 | INFO | Inference completed | Nodes=200 | Time=6.82 ms
2026-02-17 19:25:18,263 | INFO | Inference completed | Nodes=200 | Time=8.47 ms
2026-02-17 19:25:20,261 | INFO | Inference completed | Nodes=200 | Time=6.18 ms
2026-02-17 19:25:22,265 | INFO | Inference completed | Nodes=200 | Time=9.44 ms
2026-02-17 19:25:24,265 | INFO | Inference completed | Nodes=200 | Time=9.75 ms
2026-02-17 19:25:26,269 | INFO | Inference completed | Nodes=200 | Time=12.59 ms
2026-02-17 19:25:28,257 | INFO | Inference completed | Nodes=200 | Time=6.09 ms
2026-02-17 19:25:30,277 | INFO | Inference completed | Nodes=200 | Time=8.05 ms
2026-02-17 19:25:32,291 | INFO | Inference completed | Nodes=200 | Time=6.39 ms
2026-02-17 19:25:34,301 | INFO | Inference completed | Nodes=200 | Time=15.38 ms
2026-02-17 19:25:36,293 | INFO | Inference completed | Nodes=200 | Time=8.24 ms
2026-02-17 19:26:29,636 | INFO | ===== System Information =====
2026-02-17 19:26:29,670 | INFO | Platform: Windows-11-10.0.26200-SP0
2026-02-17 19:26:29,670 | INFO | Python Version: 3.13.1
2026-02-17 19:26:29,670 | INFO | CUDA Available: False
2026-02-17 19:26:29,671 | INFO | ================================
2026-02-17 19:26:29,672 | INFO | Using device: cpu
2026-02-17 19:26:29,672 | INFO | FP16 enabled: False
2026-02-17 19:26:32,197 | INFO | Inference completed | Nodes=200 | Time=8.63 ms
2026-02-17 19:26:33,981 | INFO | Inference completed | Nodes=200 | Time=6.52 ms
2026-02-17 19:26:35,989 | INFO | Inference completed | Nodes=200 | Time=12.57 ms
2026-02-17 19:26:37,983 | INFO | Inference completed | Nodes=200 | Time=13.95 ms
2026-02-17 19:26:39,981 | INFO | Inference completed | Nodes=200 | Time=8.23 ms
2026-02-17 19:26:41,991 | INFO | Inference completed | Nodes=200 | Time=15.14 ms
2026-02-17 19:26:43,987 | INFO | Inference completed | Nodes=200 | Time=10.64 ms
2026-02-17 19:26:45,982 | INFO | Inference completed | Nodes=200 | Time=6.66 ms
2026-02-17 19:26:47,980 | INFO | Inference completed | Nodes=200 | Time=6.62 ms
2026-02-17 19:26:49,977 | INFO | Inference completed | Nodes=200 | Time=9.10 ms
2026-02-17 19:26:51,985 | INFO | Inference completed | Nodes=200 | Time=8.69 ms
2026-02-17 19:26:53,983 | INFO | Inference completed | Nodes=200 | Time=6.54 ms
2026-02-17 19:26:55,998 | INFO | Inference completed | Nodes=200 | Time=7.69 ms
2026-02-17 19:26:57,996 | INFO | Inference completed | Nodes=200 | Time=6.01 ms
2026-02-17 19:26:59,998 | INFO | Inference completed | Nodes=200 | Time=6.08 ms
2026-02-17 19:27:01,995 | INFO | Inference completed | Nodes=200 | Time=5.64 ms
2026-02-17 19:27:04,018 | INFO | Inference completed | Nodes=200 | Time=11.51 ms
2026-02-17 19:27:06,014 | INFO | Inference completed | Nodes=200 | Time=7.43 ms
2026-02-17 19:29:18,646 | INFO | ===== System Information =====
2026-02-17 19:29:18,679 | INFO | Platform: Windows-11-10.0.26200-SP0
2026-02-17 19:29:18,679 | INFO | Python Version: 3.13.1
2026-02-17 19:29:18,679 | INFO | CUDA Available: False
2026-02-17 19:29:18,680 | INFO | ================================
2026-02-17 19:29:18,681 | INFO | Using device: cpu
2026-02-17 19:29:18,681 | INFO | FP16 enabled: False
2026-02-17 19:29:20,964 | INFO | Inference completed | Nodes=200 | Time=6.71 ms
2026-02-17 19:29:22,970 | INFO | Inference completed | Nodes=200 | Time=12.38 ms
2026-02-17 19:29:24,979 | INFO | Inference completed | Nodes=200 | Time=6.85 ms
2026-02-17 19:29:26,978 | INFO | Inference completed | Nodes=200 | Time=8.15 ms
2026-02-17 19:29:28,984 | INFO | Inference completed | Nodes=200 | Time=12.36 ms
2026-02-17 19:29:30,977 | INFO | Inference completed | Nodes=200 | Time=7.03 ms
2026-02-17 19:29:32,979 | INFO | Inference completed | Nodes=200 | Time=7.51 ms
2026-02-17 19:29:34,993 | INFO | Inference completed | Nodes=200 | Time=8.10 ms
2026-02-17 19:29:37,035 | INFO | Inference completed | Nodes=200 | Time=8.26 ms
2026-02-17 19:29:38,995 | INFO | Inference completed | Nodes=200 | Time=8.06 ms
2026-02-17 19:29:41,010 | INFO | Inference completed | Nodes=200 | Time=6.62 ms
2026-02-17 19:29:43,017 | INFO | Inference completed | Nodes=200 | Time=5.81 ms
2026-02-17 19:29:45,026 | INFO | Inference completed | Nodes=200 | Time=8.96 ms
2026-02-17 19:29:47,027 | INFO | Inference completed | Nodes=200 | Time=8.68 ms
2026-02-17 19:29:49,042 | INFO | Inference completed | Nodes=200 | Time=6.72 ms
2026-02-17 19:29:51,059 | INFO | Inference completed | Nodes=200 | Time=7.16 ms
2026-02-17 19:29:53,064 | INFO | Inference completed | Nodes=200 | Time=12.00 ms
2026-02-17 19:29:55,059 | INFO | Inference completed | Nodes=200 | Time=8.12 ms
2026-02-17 19:29:57,056 | INFO | Inference completed | Nodes=200 | Time=8.76 ms
2026-02-17 19:29:59,057 | INFO | Inference completed | Nodes=200 | Time=7.88 ms
2026-02-17 19:30:01,074 | INFO | Inference completed | Nodes=200 | Time=6.45 ms
2026-02-17 19:30:03,089 | INFO | Inference completed | Nodes=200 | Time=6.03 ms
2026-02-17 19:30:05,107 | INFO | Inference completed | Nodes=200 | Time=8.03 ms
2026-02-17 19:30:07,107 | INFO | Inference completed | Nodes=200 | Time=7.78 ms
2026-02-17 19:30:09,123 | INFO | Inference completed | Nodes=200 | Time=8.34 ms
2026-02-17 19:30:11,122 | INFO | Inference completed | Nodes=200 | Time=7.86 ms
2026-02-17 19:30:13,123 | INFO | Inference completed | Nodes=200 | Time=9.35 ms
2026-02-17 19:30:15,121 | INFO | Inference completed | Nodes=200 | Time=7.70 ms
2026-02-17 19:30:17,120 | INFO | Inference completed | Nodes=200 | Time=7.34 ms
2026-02-17 19:30:19,129 | INFO | Inference completed | Nodes=200 | Time=15.27 ms
2026-02-17 19:31:05,875 | INFO | ===== System Information =====
2026-02-17 19:31:05,909 | INFO | Platform: Windows-11-10.0.26200-SP0
2026-02-17 19:31:05,909 | INFO | Python Version: 3.13.1
2026-02-17 19:31:05,909 | INFO | CUDA Available: False
2026-02-17 19:31:05,909 | INFO | ================================
2026-02-17 19:31:05,911 | INFO | Using device: cpu
2026-02-17 19:31:05,911 | INFO | FP16 enabled: False
2026-02-17 19:31:08,236 | INFO | Inference completed | Nodes=200 | Time=9.04 ms
2026-02-17 19:31:10,234 | INFO | Inference completed | Nodes=200 | Time=9.29 ms
2026-02-17 19:31:12,228 | INFO | Inference completed | Nodes=200 | Time=6.59 ms
2026-02-17 19:31:14,229 | INFO | Inference completed | Nodes=200 | Time=6.08 ms
2026-02-17 19:31:16,269 | INFO | Inference completed | Nodes=200 | Time=7.67 ms
2026-02-17 19:31:18,246 | INFO | Inference completed | Nodes=200 | Time=7.56 ms
2026-02-17 19:31:20,245 | INFO | Inference completed | Nodes=200 | Time=7.38 ms
2026-02-17 19:31:22,253 | INFO | Inference completed | Nodes=200 | Time=12.25 ms
2026-02-17 19:31:24,250 | INFO | Inference completed | Nodes=200 | Time=10.23 ms
2026-02-17 19:31:26,246 | INFO | Inference completed | Nodes=200 | Time=8.56 ms
2026-02-17 19:31:28,244 | INFO | Inference completed | Nodes=200 | Time=6.49 ms
2026-02-17 19:31:30,248 | INFO | Inference completed | Nodes=200 | Time=8.17 ms
2026-02-17 19:31:32,251 | INFO | Inference completed | Nodes=200 | Time=12.18 ms
